{"level":"error","message":"Invalid OTP"}
{"level":"error","message":"Invalid OTP"}
{"level":"error","message":"Invalid OTP"}
{"level":"error","message":"Admin already exists with this regNo"}
{"level":"error","message":"Admin already exists with this email"}
{"level":"error","message":"Can't find /api/v1/employee/registeration on this server"}
{"level":"error","message":"Please filled the form properly."}
{"level":"error","message":"Please filled the form properly."}
{"level":"error","message":"Please filled the form properly."}
{"level":"error","message":"Please filled the form properly."}
{"level":"error","message":"Invalid Work Email"}
{"level":"error","message":"Please filled the form properly."}
{"level":"error","message":"Company not Found"}
{"level":"error","message":"Company not Found"}
{"level":"error","message":"Company not Found"}
{"level":"error","message":"Company not Found"}
{"level":"error","message":"User already exists with this regNo"}
{"level":"error","message":"Company not Found"}
{"level":"error","message":"Company not Found"}
{"level":"error","message":"Company not Found"}
{"level":"error","message":"User already exists with this employeeID"}
{"level":"error","message":"Invalid companyRegNo"}
{"level":"error","message":"Invalid companyRegNo"}
{"level":"error","message":"Company not Found"}
{"level":"error","message":"Invalid companyRegNo"}
{"level":"error","message":"Invalid companyRegNo"}
{"level":"error","message":"User already exists with this employeeID"}
{"level":"error","message":"User already exists with this employeeID"}
{"level":"error","message":"User already exists with this employeeID"}
{"level":"error","message":"User already exists with this employeeID"}
{"level":"error","message":"User already exists with this employeeID"}
{"level":"error","message":"User already exists with this employeeID"}
{"level":"error","message":"User already exists with this employeeID"}
{"level":"error","message":"User already exists with this employeeID"}
{"level":"error","message":"User already exists with this employeeID"}
{"level":"error","message":"User already exists with this employeeID"}
{"level":"error","message":"User already exists with this employeeID"}
{"level":"error","message":"User already exists with this employeeID"}
{"level":"error","message":"User already exists with this employeeID"}
{"level":"error","message":"User already exists with this employeeID"}
{"level":"error","message":"User already exists with this employeeID"}
{"level":"error","message":"User already exists with this email"}
{"level":"error","message":"User already exists with this employeeID"}
{"level":"error","message":"User already exists with this employeeID"}
{"level":"error","message":"User already exists with this employeeID"}
{"level":"error","message":"User already exists with this employeeID"}
{"level":"error","message":"User already exists with this employeeID"}
{"level":"error","message":"User already exists with this employeeID"}
{"level":"error","message":"User already exists with this employeeID"}
{"level":"error","message":"User already exists with this employeeID"}
{"level":"error","message":"User already exists with this employeeID"}
{"level":"error","message":"User already exists with this employeeID"}
{"level":"error","message":"User already exists with this employeeID"}
{"level":"error","message":"User already exists with this employeeID"}
{"level":"error","message":"User already exists with this employeeID"}
{"level":"error","message":"User already exists with this employeeID"}
{"level":"error","message":"User already exists with this employeeID"}
{"level":"error","message":"User already exists with this employeeID"}
{"level":"error","message":"User already exists with this email"}
{"level":"error","message":"User already exists with this employeeID"}
{"level":"error","message":"User already exists with this employeeID"}
{"level":"error","message":"User already exists with this employeeID"}
{"level":"error","message":"User already exists with this employeeID"}
{"level":"error","message":"User already exists with this employeeID"}
{"level":"error","message":"User already exists with this email"}
{"level":"error","message":"User already exists with this employeeID"}
{"level":"error","message":"Can't find /api/v1/employee/login on this server"}
{"level":"error","message":"Please filled the form properly"}
